WARNING:root:test
WARNING:root:123
WARNING:root:No such file or directory
WARNING:root:No such file or directory/home/vadim/test_audit//2F686F6D652F766164696D2F746573745F61756469742F746573743166696C652028636F707929  in event 1539408989.930:3046
WARNING:root:No such file or directory /home/vadim/test_audit//2F686F6D652F766164696D2F746573745F61756469742F746573743166696C652028636F707929  in event 1539408989.930:3046
WARNING:root:No such file or directory /home/vadim/test_audit//2F686F6D652F766164696D2F746573745F61756469742F746573743166696C652028636F707929  in event 1539408989.930:3046
WARNING:root:In line
type=CWD msg=audit(1539411746.134:3079): cwd="/home/vadim"

 not expected CWD or PATH type
WARNING:root:In line
type=PATH msg=audit(1539411746.134:3079): item=0 name="/home/vadim/test_audit/" inode=2502724 dev=08:01 mode=040755 ouid=1000 ogid=1000 rdev=00:00 nametype=PARENT cap_fp=0000000000000000 cap_fi=0000000000000000 cap_fe=0 cap_fver=0

 not expected CWD or PATH type
WARNING:root:In line
type=PATH msg=audit(1539411746.134:3079): item=1 name="/home/vadim/test_audit/test1file" inode=2499820 dev=08:01 mode=0100644 ouid=1000 ogid=1000 rdev=00:00 nametype=NORMAL cap_fp=0000000000000000 cap_fi=0000000000000000 cap_fe=0 cap_fver=0

 not expected CWD or PATH type
WARNING:root:In line
type=CWD msg=audit(1539411775.350:3083): cwd="/home/vadim"

 not expected CWD or PATH type
WARNING:root:In line
type=PATH msg=audit(1539411775.350:3083): item=0 name="/home/vadim/test_audit/" inode=2502724 dev=08:01 mode=040755 ouid=1000 ogid=1000 rdev=00:00 nametype=PARENT cap_fp=0000000000000000 cap_fi=0000000000000000 cap_fe=0 cap_fver=0

 not expected CWD or PATH type
WARNING:root:In line
type=PATH msg=audit(1539411775.350:3083): item=1 name=2F686F6D652F766164696D2F746573745F61756469742F746573743166696C652028636F707929 inode=2493477 dev=08:01 mode=0100644 ouid=1000 ogid=1000 rdev=00:00 nametype=NORMAL cap_fp=0000000000000000 cap_fi=0000000000000000 cap_fe=0 cap_fver=0

 not expected CWD or PATH type
WARNING:root:In line
type=CWD msg=audit(1539411746.134:3079): cwd="/home/vadim"

 not expected CWD or PATH type
WARNING:root:In line
type=PATH msg=audit(1539411746.134:3079): item=0 name="/home/vadim/test_audit/" inode=2502724 dev=08:01 mode=040755 ouid=1000 ogid=1000 rdev=00:00 nametype=PARENT cap_fp=0000000000000000 cap_fi=0000000000000000 cap_fe=0 cap_fver=0

 not expected CWD or PATH type
WARNING:root:In line
type=PATH msg=audit(1539411746.134:3079): item=1 name="/home/vadim/test_audit/test1file" inode=2499820 dev=08:01 mode=0100644 ouid=1000 ogid=1000 rdev=00:00 nametype=NORMAL cap_fp=0000000000000000 cap_fi=0000000000000000 cap_fe=0 cap_fver=0

 not expected CWD or PATH type
WARNING:root:In line
type=CWD msg=audit(1539411775.350:3083): cwd="/home/vadim"

 not expected CWD or PATH type
WARNING:root:In line
type=PATH msg=audit(1539411775.350:3083): item=0 name="/home/vadim/test_audit/" inode=2502724 dev=08:01 mode=040755 ouid=1000 ogid=1000 rdev=00:00 nametype=PARENT cap_fp=0000000000000000 cap_fi=0000000000000000 cap_fe=0 cap_fver=0

 not expected CWD or PATH type
WARNING:root:In line
type=PATH msg=audit(1539411775.350:3083): item=1 name=2F686F6D652F766164696D2F746573745F61756469742F746573743166696C652028636F707929 inode=2493477 dev=08:01 mode=0100644 ouid=1000 ogid=1000 rdev=00:00 nametype=NORMAL cap_fp=0000000000000000 cap_fi=0000000000000000 cap_fe=0 cap_fver=0

 not expected CWD or PATH type
WARNING:root:In line
type=CWD msg=audit(1539411746.134:3079): cwd="/home/vadim"

 not expected CWD or PATH type
WARNING:root:In line
type=PATH msg=audit(1539411746.134:3079): item=0 name="/home/vadim/test_audit/" inode=2502724 dev=08:01 mode=040755 ouid=1000 ogid=1000 rdev=00:00 nametype=PARENT cap_fp=0000000000000000 cap_fi=0000000000000000 cap_fe=0 cap_fver=0

 not expected CWD or PATH type
WARNING:root:In line
type=PATH msg=audit(1539411746.134:3079): item=1 name="/home/vadim/test_audit/test1file" inode=2499820 dev=08:01 mode=0100644 ouid=1000 ogid=1000 rdev=00:00 nametype=NORMAL cap_fp=0000000000000000 cap_fi=0000000000000000 cap_fe=0 cap_fver=0

 not expected CWD or PATH type
WARNING:root:In line
type=CWD msg=audit(1539411775.350:3083): cwd="/home/vadim"

 not expected CWD or PATH type
WARNING:root:In line
type=PATH msg=audit(1539411775.350:3083): item=0 name="/home/vadim/test_audit/" inode=2502724 dev=08:01 mode=040755 ouid=1000 ogid=1000 rdev=00:00 nametype=PARENT cap_fp=0000000000000000 cap_fi=0000000000000000 cap_fe=0 cap_fver=0

 not expected CWD or PATH type
WARNING:root:In line
type=PATH msg=audit(1539411775.350:3083): item=1 name=2F686F6D652F766164696D2F746573745F61756469742F746573743166696C652028636F707929 inode=2493477 dev=08:01 mode=0100644 ouid=1000 ogid=1000 rdev=00:00 nametype=NORMAL cap_fp=0000000000000000 cap_fi=0000000000000000 cap_fe=0 cap_fver=0

 not expected CWD or PATH type
WARNING:root:In line
type=CWD msg=audit(1539411746.134:3079): cwd="/home/vadim"

 not expected CWD or PATH type
WARNING:root:In line
type=PATH msg=audit(1539411746.134:3079): item=0 name="/home/vadim/test_audit/" inode=2502724 dev=08:01 mode=040755 ouid=1000 ogid=1000 rdev=00:00 nametype=PARENT cap_fp=0000000000000000 cap_fi=0000000000000000 cap_fe=0 cap_fver=0

 not expected CWD or PATH type
WARNING:root:In line
type=PATH msg=audit(1539411746.134:3079): item=1 name="/home/vadim/test_audit/test1file" inode=2499820 dev=08:01 mode=0100644 ouid=1000 ogid=1000 rdev=00:00 nametype=NORMAL cap_fp=0000000000000000 cap_fi=0000000000000000 cap_fe=0 cap_fver=0

 not expected CWD or PATH type
WARNING:root:In line
type=CWD msg=audit(1539411775.350:3083): cwd="/home/vadim"

 not expected CWD or PATH type
WARNING:root:In line
type=PATH msg=audit(1539411775.350:3083): item=0 name="/home/vadim/test_audit/" inode=2502724 dev=08:01 mode=040755 ouid=1000 ogid=1000 rdev=00:00 nametype=PARENT cap_fp=0000000000000000 cap_fi=0000000000000000 cap_fe=0 cap_fver=0

 not expected CWD or PATH type
WARNING:root:In line
type=PATH msg=audit(1539411775.350:3083): item=1 name=2F686F6D652F766164696D2F746573745F61756469742F746573743166696C652028636F707929 inode=2493477 dev=08:01 mode=0100644 ouid=1000 ogid=1000 rdev=00:00 nametype=NORMAL cap_fp=0000000000000000 cap_fi=0000000000000000 cap_fe=0 cap_fver=0

 not expected CWD or PATH type
WARNING:root:In line
type=CWD msg=audit(1539411746.134:3079): cwd="/home/vadim"

 not expected CWD or PATH type
WARNING:root:In line
type=PATH msg=audit(1539411746.134:3079): item=0 name="/home/vadim/test_audit/" inode=2502724 dev=08:01 mode=040755 ouid=1000 ogid=1000 rdev=00:00 nametype=PARENT cap_fp=0000000000000000 cap_fi=0000000000000000 cap_fe=0 cap_fver=0

 not expected CWD or PATH type
WARNING:root:In line
type=PATH msg=audit(1539411746.134:3079): item=1 name="/home/vadim/test_audit/test1file" inode=2499820 dev=08:01 mode=0100644 ouid=1000 ogid=1000 rdev=00:00 nametype=NORMAL cap_fp=0000000000000000 cap_fi=0000000000000000 cap_fe=0 cap_fver=0

 not expected CWD or PATH type
WARNING:root:In line
type=CWD msg=audit(1539411775.350:3083): cwd="/home/vadim"

 not expected CWD or PATH type
WARNING:root:In line
type=PATH msg=audit(1539411775.350:3083): item=0 name="/home/vadim/test_audit/" inode=2502724 dev=08:01 mode=040755 ouid=1000 ogid=1000 rdev=00:00 nametype=PARENT cap_fp=0000000000000000 cap_fi=0000000000000000 cap_fe=0 cap_fver=0

 not expected CWD or PATH type
WARNING:root:In line
type=PATH msg=audit(1539411775.350:3083): item=1 name=2F686F6D652F766164696D2F746573745F61756469742F746573743166696C652028636F707929 inode=2493477 dev=08:01 mode=0100644 ouid=1000 ogid=1000 rdev=00:00 nametype=NORMAL cap_fp=0000000000000000 cap_fi=0000000000000000 cap_fe=0 cap_fver=0

 not expected CWD or PATH type
WARNING:root:In line
type=CWD msg=audit(1539411746.134:3079): cwd="/home/vadim"

 not expected CWD or PATH type
WARNING:root:In line
type=PATH msg=audit(1539411746.134:3079): item=0 name="/home/vadim/test_audit/" inode=2502724 dev=08:01 mode=040755 ouid=1000 ogid=1000 rdev=00:00 nametype=PARENT cap_fp=0000000000000000 cap_fi=0000000000000000 cap_fe=0 cap_fver=0

 not expected CWD or PATH type
WARNING:root:In line
type=PATH msg=audit(1539411746.134:3079): item=1 name="/home/vadim/test_audit/test1file" inode=2499820 dev=08:01 mode=0100644 ouid=1000 ogid=1000 rdev=00:00 nametype=NORMAL cap_fp=0000000000000000 cap_fi=0000000000000000 cap_fe=0 cap_fver=0

 not expected CWD or PATH type
WARNING:root:In line
type=CWD msg=audit(1539411775.350:3083): cwd="/home/vadim"

 not expected CWD or PATH type
WARNING:root:In line
type=PATH msg=audit(1539411775.350:3083): item=0 name="/home/vadim/test_audit/" inode=2502724 dev=08:01 mode=040755 ouid=1000 ogid=1000 rdev=00:00 nametype=PARENT cap_fp=0000000000000000 cap_fi=0000000000000000 cap_fe=0 cap_fver=0

 not expected CWD or PATH type
WARNING:root:In line
type=PATH msg=audit(1539411775.350:3083): item=1 name=2F686F6D652F766164696D2F746573745F61756469742F746573743166696C652028636F707929 inode=2493477 dev=08:01 mode=0100644 ouid=1000 ogid=1000 rdev=00:00 nametype=NORMAL cap_fp=0000000000000000 cap_fi=0000000000000000 cap_fe=0 cap_fver=0

 not expected CWD or PATH type
WARNING:root:In line
type=CWD msg=audit(1539411746.134:3079): cwd="/home/vadim"

 not expected CWD or PATH type
WARNING:root:In line
type=PATH msg=audit(1539411746.134:3079): item=0 name="/home/vadim/test_audit/" inode=2502724 dev=08:01 mode=040755 ouid=1000 ogid=1000 rdev=00:00 nametype=PARENT cap_fp=0000000000000000 cap_fi=0000000000000000 cap_fe=0 cap_fver=0

 not expected CWD or PATH type
WARNING:root:In line
type=PATH msg=audit(1539411746.134:3079): item=1 name="/home/vadim/test_audit/test1file" inode=2499820 dev=08:01 mode=0100644 ouid=1000 ogid=1000 rdev=00:00 nametype=NORMAL cap_fp=0000000000000000 cap_fi=0000000000000000 cap_fe=0 cap_fver=0

 not expected CWD or PATH type
WARNING:root:In line
type=CWD msg=audit(1539411775.350:3083): cwd="/home/vadim"

 not expected CWD or PATH type
WARNING:root:In line
type=PATH msg=audit(1539411775.350:3083): item=0 name="/home/vadim/test_audit/" inode=2502724 dev=08:01 mode=040755 ouid=1000 ogid=1000 rdev=00:00 nametype=PARENT cap_fp=0000000000000000 cap_fi=0000000000000000 cap_fe=0 cap_fver=0

 not expected CWD or PATH type
WARNING:root:In line
type=PATH msg=audit(1539411775.350:3083): item=1 name=2F686F6D652F766164696D2F746573745F61756469742F746573743166696C652028636F707929 inode=2493477 dev=08:01 mode=0100644 ouid=1000 ogid=1000 rdev=00:00 nametype=NORMAL cap_fp=0000000000000000 cap_fi=0000000000000000 cap_fe=0 cap_fver=0

 not expected CWD or PATH type
WARNING:root:In line
type=CWD msg=audit(1539411746.134:3079): cwd="/home/vadim"

 not expected CWD or PATH type
WARNING:root:In line
type=PATH msg=audit(1539411746.134:3079): item=0 name="/home/vadim/test_audit/" inode=2502724 dev=08:01 mode=040755 ouid=1000 ogid=1000 rdev=00:00 nametype=PARENT cap_fp=0000000000000000 cap_fi=0000000000000000 cap_fe=0 cap_fver=0

 not expected CWD or PATH type
WARNING:root:In line
type=PATH msg=audit(1539411746.134:3079): item=1 name="/home/vadim/test_audit/test1file" inode=2499820 dev=08:01 mode=0100644 ouid=1000 ogid=1000 rdev=00:00 nametype=NORMAL cap_fp=0000000000000000 cap_fi=0000000000000000 cap_fe=0 cap_fver=0

 not expected CWD or PATH type
WARNING:root:In line
type=CWD msg=audit(1539411775.350:3083): cwd="/home/vadim"

 not expected CWD or PATH type
WARNING:root:In line
type=PATH msg=audit(1539411775.350:3083): item=0 name="/home/vadim/test_audit/" inode=2502724 dev=08:01 mode=040755 ouid=1000 ogid=1000 rdev=00:00 nametype=PARENT cap_fp=0000000000000000 cap_fi=0000000000000000 cap_fe=0 cap_fver=0

 not expected CWD or PATH type
WARNING:root:In line
type=PATH msg=audit(1539411775.350:3083): item=1 name=2F686F6D652F766164696D2F746573745F61756469742F746573743166696C652028636F707929 inode=2493477 dev=08:01 mode=0100644 ouid=1000 ogid=1000 rdev=00:00 nametype=NORMAL cap_fp=0000000000000000 cap_fi=0000000000000000 cap_fe=0 cap_fver=0

 not expected CWD or PATH type
WARNING:root:In line
type=CWD msg=audit(1539411746.134:3079): cwd="/home/vadim"

 not expected CWD or PATH type
WARNING:root:In line
type=PATH msg=audit(1539411746.134:3079): item=0 name="/home/vadim/test_audit/" inode=2502724 dev=08:01 mode=040755 ouid=1000 ogid=1000 rdev=00:00 nametype=PARENT cap_fp=0000000000000000 cap_fi=0000000000000000 cap_fe=0 cap_fver=0

 not expected CWD or PATH type
WARNING:root:In line
type=PATH msg=audit(1539411746.134:3079): item=1 name="/home/vadim/test_audit/test1file" inode=2499820 dev=08:01 mode=0100644 ouid=1000 ogid=1000 rdev=00:00 nametype=NORMAL cap_fp=0000000000000000 cap_fi=0000000000000000 cap_fe=0 cap_fver=0

 not expected CWD or PATH type
WARNING:root:In line
type=CWD msg=audit(1539411775.350:3083): cwd="/home/vadim"

 not expected CWD or PATH type
WARNING:root:In line
type=PATH msg=audit(1539411775.350:3083): item=0 name="/home/vadim/test_audit/" inode=2502724 dev=08:01 mode=040755 ouid=1000 ogid=1000 rdev=00:00 nametype=PARENT cap_fp=0000000000000000 cap_fi=0000000000000000 cap_fe=0 cap_fver=0

 not expected CWD or PATH type
WARNING:root:In line
type=PATH msg=audit(1539411775.350:3083): item=1 name=2F686F6D652F766164696D2F746573745F61756469742F746573743166696C652028636F707929 inode=2493477 dev=08:01 mode=0100644 ouid=1000 ogid=1000 rdev=00:00 nametype=NORMAL cap_fp=0000000000000000 cap_fi=0000000000000000 cap_fe=0 cap_fver=0

 not expected CWD or PATH type
WARNING:root:In line
type=CWD msg=audit(1539411746.134:3079): cwd="/home/vadim"

 not expected CWD or PATH type
WARNING:root:In line
type=PATH msg=audit(1539411746.134:3079): item=0 name="/home/vadim/test_audit/" inode=2502724 dev=08:01 mode=040755 ouid=1000 ogid=1000 rdev=00:00 nametype=PARENT cap_fp=0000000000000000 cap_fi=0000000000000000 cap_fe=0 cap_fver=0

 not expected CWD or PATH type
WARNING:root:In line
type=PATH msg=audit(1539411746.134:3079): item=1 name="/home/vadim/test_audit/test1file" inode=2499820 dev=08:01 mode=0100644 ouid=1000 ogid=1000 rdev=00:00 nametype=NORMAL cap_fp=0000000000000000 cap_fi=0000000000000000 cap_fe=0 cap_fver=0

 not expected CWD or PATH type
WARNING:root:In line
type=CWD msg=audit(1539411775.350:3083): cwd="/home/vadim"

 not expected CWD or PATH type
WARNING:root:In line
type=PATH msg=audit(1539411775.350:3083): item=0 name="/home/vadim/test_audit/" inode=2502724 dev=08:01 mode=040755 ouid=1000 ogid=1000 rdev=00:00 nametype=PARENT cap_fp=0000000000000000 cap_fi=0000000000000000 cap_fe=0 cap_fver=0

 not expected CWD or PATH type
WARNING:root:In line
type=PATH msg=audit(1539411775.350:3083): item=1 name=2F686F6D652F766164696D2F746573745F61756469742F746573743166696C652028636F707929 inode=2493477 dev=08:01 mode=0100644 ouid=1000 ogid=1000 rdev=00:00 nametype=NORMAL cap_fp=0000000000000000 cap_fi=0000000000000000 cap_fe=0 cap_fver=0

 not expected CWD or PATH type
WARNING:root:In line
type=CWD msg=audit(1539411746.134:3079): cwd="/home/vadim"

 not expected CWD or PATH type
WARNING:root:In line
type=PATH msg=audit(1539411746.134:3079): item=0 name="/home/vadim/test_audit/" inode=2502724 dev=08:01 mode=040755 ouid=1000 ogid=1000 rdev=00:00 nametype=PARENT cap_fp=0000000000000000 cap_fi=0000000000000000 cap_fe=0 cap_fver=0

 not expected CWD or PATH type
WARNING:root:In line
type=PATH msg=audit(1539411746.134:3079): item=1 name="/home/vadim/test_audit/test1file" inode=2499820 dev=08:01 mode=0100644 ouid=1000 ogid=1000 rdev=00:00 nametype=NORMAL cap_fp=0000000000000000 cap_fi=0000000000000000 cap_fe=0 cap_fver=0

 not expected CWD or PATH type
WARNING:root:In line
type=CWD msg=audit(1539411775.350:3083): cwd="/home/vadim"

 not expected CWD or PATH type
WARNING:root:In line
type=PATH msg=audit(1539411775.350:3083): item=0 name="/home/vadim/test_audit/" inode=2502724 dev=08:01 mode=040755 ouid=1000 ogid=1000 rdev=00:00 nametype=PARENT cap_fp=0000000000000000 cap_fi=0000000000000000 cap_fe=0 cap_fver=0

 not expected CWD or PATH type
WARNING:root:In line
type=PATH msg=audit(1539411775.350:3083): item=1 name=2F686F6D652F766164696D2F746573745F61756469742F746573743166696C652028636F707929 inode=2493477 dev=08:01 mode=0100644 ouid=1000 ogid=1000 rdev=00:00 nametype=NORMAL cap_fp=0000000000000000 cap_fi=0000000000000000 cap_fe=0 cap_fver=0

 not expected CWD or PATH type
WARNING:root:In line
type=CWD msg=audit(1539411746.134:3079): cwd="/home/vadim"

 not expected CWD or PATH type
WARNING:root:In line
type=PATH msg=audit(1539411746.134:3079): item=0 name="/home/vadim/test_audit/" inode=2502724 dev=08:01 mode=040755 ouid=1000 ogid=1000 rdev=00:00 nametype=PARENT cap_fp=0000000000000000 cap_fi=0000000000000000 cap_fe=0 cap_fver=0

 not expected CWD or PATH type
WARNING:root:In line
type=PATH msg=audit(1539411746.134:3079): item=1 name="/home/vadim/test_audit/test1file" inode=2499820 dev=08:01 mode=0100644 ouid=1000 ogid=1000 rdev=00:00 nametype=NORMAL cap_fp=0000000000000000 cap_fi=0000000000000000 cap_fe=0 cap_fver=0

 not expected CWD or PATH type
WARNING:root:In line
type=CWD msg=audit(1539411775.350:3083): cwd="/home/vadim"

 not expected CWD or PATH type
WARNING:root:In line
type=PATH msg=audit(1539411775.350:3083): item=0 name="/home/vadim/test_audit/" inode=2502724 dev=08:01 mode=040755 ouid=1000 ogid=1000 rdev=00:00 nametype=PARENT cap_fp=0000000000000000 cap_fi=0000000000000000 cap_fe=0 cap_fver=0

 not expected CWD or PATH type
WARNING:root:In line
type=PATH msg=audit(1539411775.350:3083): item=1 name=2F686F6D652F766164696D2F746573745F61756469742F746573743166696C652028636F707929 inode=2493477 dev=08:01 mode=0100644 ouid=1000 ogid=1000 rdev=00:00 nametype=NORMAL cap_fp=0000000000000000 cap_fi=0000000000000000 cap_fe=0 cap_fver=0

 not expected CWD or PATH type
WARNING:root:In line
type=CWD msg=audit(1539411746.134:3079): cwd="/home/vadim"

 not expected CWD or PATH type
WARNING:root:In line
type=PATH msg=audit(1539411746.134:3079): item=0 name="/home/vadim/test_audit/" inode=2502724 dev=08:01 mode=040755 ouid=1000 ogid=1000 rdev=00:00 nametype=PARENT cap_fp=0000000000000000 cap_fi=0000000000000000 cap_fe=0 cap_fver=0

 not expected CWD or PATH type
WARNING:root:In line
type=PATH msg=audit(1539411746.134:3079): item=1 name="/home/vadim/test_audit/test1file" inode=2499820 dev=08:01 mode=0100644 ouid=1000 ogid=1000 rdev=00:00 nametype=NORMAL cap_fp=0000000000000000 cap_fi=0000000000000000 cap_fe=0 cap_fver=0

 not expected CWD or PATH type
WARNING:root:In line
type=CWD msg=audit(1539411775.350:3083): cwd="/home/vadim"

 not expected CWD or PATH type
WARNING:root:In line
type=PATH msg=audit(1539411775.350:3083): item=0 name="/home/vadim/test_audit/" inode=2502724 dev=08:01 mode=040755 ouid=1000 ogid=1000 rdev=00:00 nametype=PARENT cap_fp=0000000000000000 cap_fi=0000000000000000 cap_fe=0 cap_fver=0

 not expected CWD or PATH type
WARNING:root:In line
type=PATH msg=audit(1539411775.350:3083): item=1 name=2F686F6D652F766164696D2F746573745F61756469742F746573743166696C652028636F707929 inode=2493477 dev=08:01 mode=0100644 ouid=1000 ogid=1000 rdev=00:00 nametype=NORMAL cap_fp=0000000000000000 cap_fi=0000000000000000 cap_fe=0 cap_fver=0

 not expected CWD or PATH type
WARNING:root:In line
type=CWD msg=audit(1539411746.134:3079): cwd="/home/vadim"

 not expected CWD or PATH type
WARNING:root:In line
type=PATH msg=audit(1539411746.134:3079): item=0 name="/home/vadim/test_audit/" inode=2502724 dev=08:01 mode=040755 ouid=1000 ogid=1000 rdev=00:00 nametype=PARENT cap_fp=0000000000000000 cap_fi=0000000000000000 cap_fe=0 cap_fver=0

 not expected CWD or PATH type
WARNING:root:In line
type=PATH msg=audit(1539411746.134:3079): item=1 name="/home/vadim/test_audit/test1file" inode=2499820 dev=08:01 mode=0100644 ouid=1000 ogid=1000 rdev=00:00 nametype=NORMAL cap_fp=0000000000000000 cap_fi=0000000000000000 cap_fe=0 cap_fver=0

 not expected CWD or PATH type
WARNING:root:In line
type=CWD msg=audit(1539411775.350:3083): cwd="/home/vadim"

 not expected CWD or PATH type
WARNING:root:In line
type=PATH msg=audit(1539411775.350:3083): item=0 name="/home/vadim/test_audit/" inode=2502724 dev=08:01 mode=040755 ouid=1000 ogid=1000 rdev=00:00 nametype=PARENT cap_fp=0000000000000000 cap_fi=0000000000000000 cap_fe=0 cap_fver=0

 not expected CWD or PATH type
WARNING:root:In line
type=PATH msg=audit(1539411775.350:3083): item=1 name=2F686F6D652F766164696D2F746573745F61756469742F746573743166696C652028636F707929 inode=2493477 dev=08:01 mode=0100644 ouid=1000 ogid=1000 rdev=00:00 nametype=NORMAL cap_fp=0000000000000000 cap_fi=0000000000000000 cap_fe=0 cap_fver=0

 not expected CWD or PATH type
WARNING:root:In line
type=CWD msg=audit(1539411746.134:3079): cwd="/home/vadim"

 not expected CWD or PATH type
WARNING:root:In line
type=PATH msg=audit(1539411746.134:3079): item=0 name="/home/vadim/test_audit/" inode=2502724 dev=08:01 mode=040755 ouid=1000 ogid=1000 rdev=00:00 nametype=PARENT cap_fp=0000000000000000 cap_fi=0000000000000000 cap_fe=0 cap_fver=0

 not expected CWD or PATH type
WARNING:root:In line
type=PATH msg=audit(1539411746.134:3079): item=1 name="/home/vadim/test_audit/test1file" inode=2499820 dev=08:01 mode=0100644 ouid=1000 ogid=1000 rdev=00:00 nametype=NORMAL cap_fp=0000000000000000 cap_fi=0000000000000000 cap_fe=0 cap_fver=0

 not expected CWD or PATH type
WARNING:root:In line
type=CWD msg=audit(1539411775.350:3083): cwd="/home/vadim"

 not expected CWD or PATH type
WARNING:root:In line
type=PATH msg=audit(1539411775.350:3083): item=0 name="/home/vadim/test_audit/" inode=2502724 dev=08:01 mode=040755 ouid=1000 ogid=1000 rdev=00:00 nametype=PARENT cap_fp=0000000000000000 cap_fi=0000000000000000 cap_fe=0 cap_fver=0

 not expected CWD or PATH type
WARNING:root:In line
type=PATH msg=audit(1539411775.350:3083): item=1 name=2F686F6D652F766164696D2F746573745F61756469742F746573743166696C652028636F707929 inode=2493477 dev=08:01 mode=0100644 ouid=1000 ogid=1000 rdev=00:00 nametype=NORMAL cap_fp=0000000000000000 cap_fi=0000000000000000 cap_fe=0 cap_fver=0

 not expected CWD or PATH type
WARNING:root:In line
type=CWD msg=audit(1539411746.134:3079): cwd="/home/vadim"

 not expected CWD or PATH type
WARNING:root:In line
type=PATH msg=audit(1539411746.134:3079): item=0 name="/home/vadim/test_audit/" inode=2502724 dev=08:01 mode=040755 ouid=1000 ogid=1000 rdev=00:00 nametype=PARENT cap_fp=0000000000000000 cap_fi=0000000000000000 cap_fe=0 cap_fver=0

 not expected CWD or PATH type
WARNING:root:In line
type=PATH msg=audit(1539411746.134:3079): item=1 name="/home/vadim/test_audit/test1file" inode=2499820 dev=08:01 mode=0100644 ouid=1000 ogid=1000 rdev=00:00 nametype=NORMAL cap_fp=0000000000000000 cap_fi=0000000000000000 cap_fe=0 cap_fver=0

 not expected CWD or PATH type
WARNING:root:In line
type=CWD msg=audit(1539411775.350:3083): cwd="/home/vadim"

 not expected CWD or PATH type
WARNING:root:In line
type=PATH msg=audit(1539411775.350:3083): item=0 name="/home/vadim/test_audit/" inode=2502724 dev=08:01 mode=040755 ouid=1000 ogid=1000 rdev=00:00 nametype=PARENT cap_fp=0000000000000000 cap_fi=0000000000000000 cap_fe=0 cap_fver=0

 not expected CWD or PATH type
WARNING:root:In line
type=PATH msg=audit(1539411775.350:3083): item=1 name=2F686F6D652F766164696D2F746573745F61756469742F746573743166696C652028636F707929 inode=2493477 dev=08:01 mode=0100644 ouid=1000 ogid=1000 rdev=00:00 nametype=NORMAL cap_fp=0000000000000000 cap_fi=0000000000000000 cap_fe=0 cap_fver=0

 not expected CWD or PATH type
WARNING:root:In line
type=CWD msg=audit(1539411746.134:3079): cwd="/home/vadim"

 not expected CWD or PATH type
WARNING:root:In line
type=PATH msg=audit(1539411746.134:3079): item=0 name="/home/vadim/test_audit/" inode=2502724 dev=08:01 mode=040755 ouid=1000 ogid=1000 rdev=00:00 nametype=PARENT cap_fp=0000000000000000 cap_fi=0000000000000000 cap_fe=0 cap_fver=0

 not expected CWD or PATH type
WARNING:root:In line
type=PATH msg=audit(1539411746.134:3079): item=1 name="/home/vadim/test_audit/test1file" inode=2499820 dev=08:01 mode=0100644 ouid=1000 ogid=1000 rdev=00:00 nametype=NORMAL cap_fp=0000000000000000 cap_fi=0000000000000000 cap_fe=0 cap_fver=0

 not expected CWD or PATH type
WARNING:root:In line
type=CWD msg=audit(1539411775.350:3083): cwd="/home/vadim"

 not expected CWD or PATH type
WARNING:root:In line
type=PATH msg=audit(1539411775.350:3083): item=0 name="/home/vadim/test_audit/" inode=2502724 dev=08:01 mode=040755 ouid=1000 ogid=1000 rdev=00:00 nametype=PARENT cap_fp=0000000000000000 cap_fi=0000000000000000 cap_fe=0 cap_fver=0

 not expected CWD or PATH type
WARNING:root:In line
type=PATH msg=audit(1539411775.350:3083): item=1 name=2F686F6D652F766164696D2F746573745F61756469742F746573743166696C652028636F707929 inode=2493477 dev=08:01 mode=0100644 ouid=1000 ogid=1000 rdev=00:00 nametype=NORMAL cap_fp=0000000000000000 cap_fi=0000000000000000 cap_fe=0 cap_fver=0

 not expected CWD or PATH type
WARNING:root:In line
type=CWD msg=audit(1539411746.134:3079): cwd="/home/vadim"

 not expected CWD or PATH type
WARNING:root:In line
type=PATH msg=audit(1539411746.134:3079): item=0 name="/home/vadim/test_audit/" inode=2502724 dev=08:01 mode=040755 ouid=1000 ogid=1000 rdev=00:00 nametype=PARENT cap_fp=0000000000000000 cap_fi=0000000000000000 cap_fe=0 cap_fver=0

 not expected CWD or PATH type
WARNING:root:In line
type=PATH msg=audit(1539411746.134:3079): item=1 name="/home/vadim/test_audit/test1file" inode=2499820 dev=08:01 mode=0100644 ouid=1000 ogid=1000 rdev=00:00 nametype=NORMAL cap_fp=0000000000000000 cap_fi=0000000000000000 cap_fe=0 cap_fver=0

 not expected CWD or PATH type
WARNING:root:In line
type=CWD msg=audit(1539411775.350:3083): cwd="/home/vadim"

 not expected CWD or PATH type
WARNING:root:In line
type=PATH msg=audit(1539411775.350:3083): item=0 name="/home/vadim/test_audit/" inode=2502724 dev=08:01 mode=040755 ouid=1000 ogid=1000 rdev=00:00 nametype=PARENT cap_fp=0000000000000000 cap_fi=0000000000000000 cap_fe=0 cap_fver=0

 not expected CWD or PATH type
WARNING:root:In line
type=PATH msg=audit(1539411775.350:3083): item=1 name=2F686F6D652F766164696D2F746573745F61756469742F746573743166696C652028636F707929 inode=2493477 dev=08:01 mode=0100644 ouid=1000 ogid=1000 rdev=00:00 nametype=NORMAL cap_fp=0000000000000000 cap_fi=0000000000000000 cap_fe=0 cap_fver=0

 not expected CWD or PATH type
WARNING:root:In line
type=CWD msg=audit(1539411746.134:3079): cwd="/home/vadim"

 not expected CWD or PATH type
WARNING:root:In line
type=PATH msg=audit(1539411746.134:3079): item=0 name="/home/vadim/test_audit/" inode=2502724 dev=08:01 mode=040755 ouid=1000 ogid=1000 rdev=00:00 nametype=PARENT cap_fp=0000000000000000 cap_fi=0000000000000000 cap_fe=0 cap_fver=0

 not expected CWD or PATH type
WARNING:root:In line
type=PATH msg=audit(1539411746.134:3079): item=1 name="/home/vadim/test_audit/test1file" inode=2499820 dev=08:01 mode=0100644 ouid=1000 ogid=1000 rdev=00:00 nametype=NORMAL cap_fp=0000000000000000 cap_fi=0000000000000000 cap_fe=0 cap_fver=0

 not expected CWD or PATH type
WARNING:root:In line
type=CWD msg=audit(1539411775.350:3083): cwd="/home/vadim"

 not expected CWD or PATH type
WARNING:root:In line
type=PATH msg=audit(1539411775.350:3083): item=0 name="/home/vadim/test_audit/" inode=2502724 dev=08:01 mode=040755 ouid=1000 ogid=1000 rdev=00:00 nametype=PARENT cap_fp=0000000000000000 cap_fi=0000000000000000 cap_fe=0 cap_fver=0

 not expected CWD or PATH type
WARNING:root:In line
type=PATH msg=audit(1539411775.350:3083): item=1 name=2F686F6D652F766164696D2F746573745F61756469742F746573743166696C652028636F707929 inode=2493477 dev=08:01 mode=0100644 ouid=1000 ogid=1000 rdev=00:00 nametype=NORMAL cap_fp=0000000000000000 cap_fi=0000000000000000 cap_fe=0 cap_fver=0

 not expected CWD or PATH type
WARNING:root:test
WARNING:root:In line
type=CWD msg=audit(1539411746.134:3079): cwd="/home/vadim"

 not expected CWD or PATH type
WARNING:root:In line
type=PATH msg=audit(1539411746.134:3079): item=0 name="/home/vadim/test_audit/" inode=2502724 dev=08:01 mode=040755 ouid=1000 ogid=1000 rdev=00:00 nametype=PARENT cap_fp=0000000000000000 cap_fi=0000000000000000 cap_fe=0 cap_fver=0

 not expected CWD or PATH type
WARNING:root:In line
type=PATH msg=audit(1539411746.134:3079): item=1 name="/home/vadim/test_audit/test1file" inode=2499820 dev=08:01 mode=0100644 ouid=1000 ogid=1000 rdev=00:00 nametype=NORMAL cap_fp=0000000000000000 cap_fi=0000000000000000 cap_fe=0 cap_fver=0

 not expected CWD or PATH type
WARNING:root:In line
type=CWD msg=audit(1539411775.350:3083): cwd="/home/vadim"

 not expected CWD or PATH type
WARNING:root:In line
type=PATH msg=audit(1539411775.350:3083): item=0 name="/home/vadim/test_audit/" inode=2502724 dev=08:01 mode=040755 ouid=1000 ogid=1000 rdev=00:00 nametype=PARENT cap_fp=0000000000000000 cap_fi=0000000000000000 cap_fe=0 cap_fver=0

 not expected CWD or PATH type
WARNING:root:In line
type=PATH msg=audit(1539411775.350:3083): item=1 name=2F686F6D652F766164696D2F746573745F61756469742F746573743166696C652028636F707929 inode=2493477 dev=08:01 mode=0100644 ouid=1000 ogid=1000 rdev=00:00 nametype=NORMAL cap_fp=0000000000000000 cap_fi=0000000000000000 cap_fe=0 cap_fver=0

 not expected CWD or PATH type
WARNING:root:In line
type=CWD msg=audit(1539411746.134:3079): cwd="/home/vadim"

 not expected CWD or PATH type
WARNING:root:In line
type=PATH msg=audit(1539411746.134:3079): item=0 name="/home/vadim/test_audit/" inode=2502724 dev=08:01 mode=040755 ouid=1000 ogid=1000 rdev=00:00 nametype=PARENT cap_fp=0000000000000000 cap_fi=0000000000000000 cap_fe=0 cap_fver=0

 not expected CWD or PATH type
WARNING:root:In line
type=PATH msg=audit(1539411746.134:3079): item=1 name="/home/vadim/test_audit/test1file" inode=2499820 dev=08:01 mode=0100644 ouid=1000 ogid=1000 rdev=00:00 nametype=NORMAL cap_fp=0000000000000000 cap_fi=0000000000000000 cap_fe=0 cap_fver=0

 not expected CWD or PATH type
WARNING:root:In line
type=CWD msg=audit(1539411775.350:3083): cwd="/home/vadim"

 not expected CWD or PATH type
WARNING:root:In line
type=PATH msg=audit(1539411775.350:3083): item=0 name="/home/vadim/test_audit/" inode=2502724 dev=08:01 mode=040755 ouid=1000 ogid=1000 rdev=00:00 nametype=PARENT cap_fp=0000000000000000 cap_fi=0000000000000000 cap_fe=0 cap_fver=0

 not expected CWD or PATH type
WARNING:root:In line
type=PATH msg=audit(1539411775.350:3083): item=1 name=2F686F6D652F766164696D2F746573745F61756469742F746573743166696C652028636F707929 inode=2493477 dev=08:01 mode=0100644 ouid=1000 ogid=1000 rdev=00:00 nametype=NORMAL cap_fp=0000000000000000 cap_fi=0000000000000000 cap_fe=0 cap_fver=0

 not expected CWD or PATH type
WARNING:root:In line
type=CWD msg=audit(1539411746.134:3079): cwd="/home/vadim"

 not expected CWD or PATH type
WARNING:root:In line
type=PATH msg=audit(1539411746.134:3079): item=0 name="/home/vadim/test_audit/" inode=2502724 dev=08:01 mode=040755 ouid=1000 ogid=1000 rdev=00:00 nametype=PARENT cap_fp=0000000000000000 cap_fi=0000000000000000 cap_fe=0 cap_fver=0

 not expected CWD or PATH type
WARNING:root:In line
type=PATH msg=audit(1539411746.134:3079): item=1 name="/home/vadim/test_audit/test1file" inode=2499820 dev=08:01 mode=0100644 ouid=1000 ogid=1000 rdev=00:00 nametype=NORMAL cap_fp=0000000000000000 cap_fi=0000000000000000 cap_fe=0 cap_fver=0

 not expected CWD or PATH type
WARNING:root:In line
type=CWD msg=audit(1539411775.350:3083): cwd="/home/vadim"

 not expected CWD or PATH type
WARNING:root:In line
type=PATH msg=audit(1539411775.350:3083): item=0 name="/home/vadim/test_audit/" inode=2502724 dev=08:01 mode=040755 ouid=1000 ogid=1000 rdev=00:00 nametype=PARENT cap_fp=0000000000000000 cap_fi=0000000000000000 cap_fe=0 cap_fver=0

 not expected CWD or PATH type
WARNING:root:In line
type=PATH msg=audit(1539411775.350:3083): item=1 name=2F686F6D652F766164696D2F746573745F61756469742F746573743166696C652028636F707929 inode=2493477 dev=08:01 mode=0100644 ouid=1000 ogid=1000 rdev=00:00 nametype=NORMAL cap_fp=0000000000000000 cap_fi=0000000000000000 cap_fe=0 cap_fver=0

 not expected CWD or PATH type
WARNING:root:File not exist 
